\BOOKMARK [0][-]{chapter*.2}{INTRODUCCIÓN}{}% 1
\BOOKMARK [0][-]{chapter.1}{Justificación del servicio comunitario}{}% 2
\BOOKMARK [0][-]{chapter.2}{Descripción del problema}{}% 3
\BOOKMARK [1][-]{section.2.1}{Descripción de la Comunidad}{chapter.2}% 4
\BOOKMARK [1][-]{section.2.2}{Antecedentes\040del\040Proyecto}{chapter.2}% 5
\BOOKMARK [0][-]{chapter.3}{Desarrollo\040del\040Proyecto}{}% 6
\BOOKMARK [1][-]{section.3.1}{Título del Proyecto}{chapter.3}% 7
\BOOKMARK [1][-]{section.3.2}{Obejtivo\040General}{chapter.3}% 8
\BOOKMARK [1][-]{section.3.3}{Objetivos Específicos}{chapter.3}% 9
\BOOKMARK [1][-]{section.3.4}{Ejecución de Actividades Realizadas}{chapter.3}% 10
\BOOKMARK [2][-]{subsection.3.4.1}{Recibir capacitación en educación de adultos.}{section.3.4}% 11
\BOOKMARK [2][-]{subsection.3.4.2}{Realizar\040entrevistas\040a\040los\040obreros}{section.3.4}% 12
\BOOKMARK [2][-]{subsection.3.4.3}{Hacer\040diagnostico\040de\040cada\040participante}{section.3.4}% 13
\BOOKMARK [2][-]{subsection.3.4.4}{Elaborar planes de capacitación}{section.3.4}% 14
\BOOKMARK [2][-]{subsection.3.4.5}{Preparar\040material\040de\040apoyo}{section.3.4}% 15
\BOOKMARK [2][-]{subsection.3.4.6}{Dictar clases en cursos de capacitación}{section.3.4}% 16
\BOOKMARK [2][-]{subsection.3.4.7}{Acompañar en el proceso de aprendizaje}{section.3.4}% 17
\BOOKMARK [2][-]{subsection.3.4.8}{Validar\040logros\040de\040los\040participantes}{section.3.4}% 18
\BOOKMARK [2][-]{subsection.3.4.9}{Elaboración de Informe Final}{section.3.4}% 19
\BOOKMARK [0][-]{chapter.4}{Relación del proyecto trabajado con la dormación académica del estudiante}{}% 20
\BOOKMARK [0][-]{chapter*.3}{Conclusiones}{}% 21
\BOOKMARK [0][-]{chapter*.4}{Recomendaciones}{}% 22
\BOOKMARK [0][-]{chapter*.4}{Bibliografía}{}% 23
\BOOKMARK [0][-]{chapter*.6}{Anexos}{}% 24
